app/build/outputs/logs/manifest-merger-debug-report.txt
-- Merging decision tree log ---
manifest
ADDED from src\main\AndroidManifest.xml:2:1-42:12
INJECTED from src\main\AndroidManifest.xml:2:1-42:12
INJECTED from src\main\AndroidManifest.xml:2:1-42:12
INJECTED from src\main\AndroidManifest.xml:2:1-42:12
MERGED from [androidx.legacy:legacy-support-v4:1.0.0] AndroidManifest.xml:17:1-22:12
MERGED from [com.google.android.material:material:1.1.0-alpha07] AndroidManifest.xml:17:1-24:12
MERGED from [androidx.legacy:legacy-support-core-ui:1.0.0] AndroidManifest.xml:17:1-22:12
MERGED from [androidx.legacy:legacy-support-core-utils:1.0.0] AndroidManifest.xml:17:1-22:12
MERGED from [androidx.appcompat:appcompat:1.1.0-alpha05] AndroidManifest.xml:17:1-22:12
MERGED from [androidx.viewpager2:viewpager2:1.0.0-alpha04] AndroidManifest.xml:17:1-22:12
MERGED from [androidx.fragment:fragment:1.1.0-beta01] AndroidManifest.xml:17:1-24:12
MERGED from [androidx.viewpager:viewpager:1.0.0] AndroidManifest.xml:17:1-22:12
MERGED from [androidx.documentfile:documentfile:1.0.0] AndroidManifest.xml:17:1-22:12
MERGED from [androidx.loader:loader:1.0.0] AndroidManifest.xml:17:1-22:12
MERGED from [androidx.localbroadcastmanager:localbroadcastmanager:1.0.0] AndroidManifest.xml:17:1-22:12
MERGED from [androidx.print:print:1.0.0] AndroidManifest.xml:17:1-22:12
MERGED from [androidx.coordinatorlayout:coordinatorlayout:1.1.0-alpha01] AndroidManifest.xml:17:1-22:12
MERGED from [androidx.drawerlayout:drawerlayout:1.0.0] AndroidManifest.xml:17:1-22:12
MERGED from [androidx.slidingpanelayout:slidingpanelayout:1.0.0] AndroidManifest.xml:17:1-22:12
MERGED from [androidx.recyclerview:recyclerview:1.1.0-alpha05] AndroidManifest.xml:17:1-22:12
MERGED from [androidx.customview:customview:1.0.0] AndroidManifest.xml:17:1-22:12
MERGED from [androidx.activity:activity:1.0.0-beta01] AndroidManifest.xml:17:1-24:12
MERGED from [androidx.media:media:1.0.0] AndroidManifest.xml:17:1-22:12
MERGED from [androidx.transition:transition:1.0.1] AndroidManifest.xml:17:1-22:12
MERGED from [androidx.appcompat:appcompat-resources:1.1.0-alpha05] AndroidManifest.xml:17:1-22:12
MERGED from [androidx.vectordrawable:vectordrawable-animated:1.1.0-beta01] AndroidManifest.xml:17:1-22:12
MERGED from [androidx.vectordrawable:vectordrawable:1.1.0-beta01] AndroidManifest.xml:17:1-22:12
MERGED from [androidx.swiperefreshlayout:swiperefreshlayout:1.0.0] AndroidManifest.xml:17:1-22:12
MERGED from [androidx.asynclayoutinflater:asynclayoutinflater:1.0.0] AndroidManifest.xml:17:1-22:12
MERGED from [androidx.core:core:1.1.0-rc01] AndroidManifest.xml:17:1-26:12
MERGED from [androidx.versionedparcelable:versionedparcelable:1.1.0-rc01] AndroidManifest.xml:17:1-27:12
MERGED from [androidx.cursoradapter:cursoradapter:1.0.0] AndroidManifest.xml:17:1-22:12
MERGED from [androidx.cardview:cardview:1.0.0] AndroidManifest.xml:17:1-22:12
MERGED from [androidx.lifecycle:lifecycle-runtime:2.1.0-beta01] AndroidManifest.xml:17:1-22:12
MERGED from [androidx.lifecycle:lifecycle-viewmodel:2.1.0-beta01] AndroidManifest.xml:17:1-22:12
MERGED from [androidx.savedstate:savedstate:1.0.0-beta01] AndroidManifest.xml:17:1-22:12
MERGED from [androidx.interpolator:interpolator:1.0.0] AndroidManifest.xml:17:1-22:12
MERGED from [androidx.lifecycle:lifecycle-livedata:2.0.0] AndroidManifest.xml:17:1-22:12
MERGED from [androidx.lifecycle:lifecycle-livedata-core:2.0.0] AndroidManifest.xml:17:1-22:12
MERGED from [androidx.arch.core:core-runtime:2.0.0] AndroidManifest.xml:17:1-22:12
MERGED from [com.android.volley:volley:1.1.1] AndroidManifest.xml:2:1-11:12
INJECTED from src\main\AndroidManifest.xml:2:1-42:12
INJECTED from src\main\AndroidManifest.xml:2:1-42:12
INJECTED from src\main\AndroidManifest.xml:2:1-42:12
	package
		ADDED from src\main\AndroidManifest.xml:4:5-48
		INJECTED from src\main\AndroidManifest.xml
		INJECTED from src\main\AndroidManifest.xml
	android:versionName
		ADDED from src\main\AndroidManifest.xml:6:5-30
		INJECTED from src\main\AndroidManifest.xml
		INJECTED from src\main\AndroidManifest.xml
	xmlns:tools
		ADDED from src\main\AndroidManifest.xml:3:5-51
	xmlns:android
		ADDED from src\main\AndroidManifest.xml:2:11-69
	android:versionCode
		ADDED from src\main\AndroidManifest.xml:5:5-28
		INJECTED from src\main\AndroidManifest.xml
		INJECTED from src\main\AndroidManifest.xml
uses-permission#android.permission.MODIFY_AUDIO_SETTINGS
ADDED from src\main\AndroidManifest.xml:9:5-79
	android:name
		ADDED from src\main\AndroidManifest.xml:9:22-77
uses-permission#android.permission.INTERNET
ADDED from src\main\AndroidManifest.xml:10:5-66
	android:name
		ADDED from src\main\AndroidManifest.xml:10:22-64
uses-permission#android.permission.ACCESS_NETWORK_STATE
ADDED from src\main\AndroidManifest.xml:11:5-78
	android:name
		ADDED from src\main\AndroidManifest.xml:11:22-76
uses-permission#android.permission.SYSTEM_ALERT_WINDOW
ADDED from src\main\AndroidManifest.xml:12:5-77
	android:name
		ADDED from src\main\AndroidManifest.xml:12:22-75
uses-permission#com.google.android.providers.gsf.permission.READ_GSERVICES
ADDED from src\main\AndroidManifest.xml:13:5-97
	android:name
		ADDED from src\main\AndroidManifest.xml:13:22-95
uses-sdk
ADDED from src\main\AndroidManifest.xml:15:5-43
INJECTED from src\main\AndroidManifest.xml:15:5-43
INJECTED from src\main\AndroidManifest.xml:15:5-43
MERGED from [androidx.legacy:legacy-support-v4:1.0.0] AndroidManifest.xml:20:5-44
MERGED from [androidx.legacy:legacy-support-v4:1.0.0] AndroidManifest.xml:20:5-44
MERGED from [com.google.android.material:material:1.1.0-alpha07] AndroidManifest.xml:20:5-44
MERGED from [com.google.android.material:material:1.1.0-alpha07] AndroidManifest.xml:20:5-44
MERGED from [androidx.legacy:legacy-support-core-ui:1.0.0] AndroidManifest.xml:20:5-44
MERGED from [androidx.legacy:legacy-support-core-ui:1.0.0] AndroidManifest.xml:20:5-44
MERGED from [androidx.legacy:legacy-support-core-utils:1.0.0] AndroidManifest.xml:20:5-44
MERGED from [androidx.legacy:legacy-support-core-utils:1.0.0] AndroidManifest.xml:20:5-44
MERGED from [androidx.appcompat:appcompat:1.1.0-alpha05] AndroidManifest.xml:20:5-44
MERGED from [androidx.appcompat:appcompat:1.1.0-alpha05] AndroidManifest.xml:20:5-44
MERGED from [androidx.viewpager2:viewpager2:1.0.0-alpha04] AndroidManifest.xml:20:5-44
MERGED from [androidx.viewpager2:viewpager2:1.0.0-alpha04] AndroidManifest.xml:20:5-44
MERGED from [androidx.fragment:fragment:1.1.0-beta01] AndroidManifest.xml:20:5-22:41
MERGED from [androidx.fragment:fragment:1.1.0-beta01] AndroidManifest.xml:20:5-22:41
MERGED from [androidx.viewpager:viewpager:1.0.0] AndroidManifest.xml:20:5-44
MERGED from [androidx.viewpager:viewpager:1.0.0] AndroidManifest.xml:20:5-44
MERGED from [androidx.documentfile:documentfile:1.0.0] AndroidManifest.xml:20:5-44
MERGED from [androidx.documentfile:documentfile:1.0.0] AndroidManifest.xml:20:5-44
MERGED from [androidx.loader:loader:1.0.0] AndroidManifest.xml:20:5-44
MERGED from [androidx.loader:loader:1.0.0] AndroidManifest.xml:20:5-44
MERGED from [androidx.localbroadcastmanager:localbroadcastmanager:1.0.0] AndroidManifest.xml:20:5-44
MERGED from [androidx.localbroadcastmanager:localbroadcastmanager:1.0.0] AndroidManifest.xml:20:5-44
MERGED from [androidx.print:print:1.0.0] AndroidManifest.xml:20:5-44
MERGED from [androidx.print:print:1.0.0] AndroidManifest.xml:20:5-44
MERGED from [androidx.coordinatorlayout:coordinatorlayout:1.1.0-alpha01] AndroidManifest.xml:20:5-44
MERGED from [androidx.coordinatorlayout:coordinatorlayout:1.1.0-alpha01] AndroidManifest.xml:20:5-44
MERGED from [androidx.drawerlayout:drawerlayout:1.0.0] AndroidManifest.xml:20:5-44
MERGED from [androidx.drawerlayout:drawerlayout:1.0.0] AndroidManifest.xml:20:5-44
MERGED from [androidx.slidingpanelayout:slidingpanelayout:1.0.0] AndroidManifest.xml:20:5-44
MERGED from [androidx.slidingpanelayout:slidingpanelayout:1.0.0] AndroidManifest.xml:20:5-44
MERGED from [androidx.recyclerview:recyclerview:1.1.0-alpha05] AndroidManifest.xml:20:5-44
MERGED from [androidx.recyclerview:recyclerview:1.1.0-alpha05] AndroidManifest.xml:20:5-44
MERGED from [androidx.customview:customview:1.0.0] AndroidManifest.xml:20:5-44
MERGED from [androidx.customview:customview:1.0.0] AndroidManifest.xml:20:5-44
MERGED from [androidx.activity:activity:1.0.0-beta01] AndroidManifest.xml:20:5-22:41
MERGED from [androidx.activity:activity:1.0.0-beta01] AndroidManifest.xml:20:5-22:41
MERGED from [androidx.media:media:1.0.0] AndroidManifest.xml:20:5-44
MERGED from [androidx.media:media:1.0.0] AndroidManifest.xml:20:5-44
MERGED from [androidx.transition:transition:1.0.1] AndroidManifest.xml:20:5-44
MERGED from [androidx.transition:transition:1.0.1] AndroidManifest.xml:20:5-44
MERGED from [androidx.appcompat:appcompat-resources:1.1.0-alpha05] AndroidManifest.xml:20:5-44
MERGED from [androidx.appcompat:appcompat-resources:1.1.0-alpha05] AndroidManifest.xml:20:5-44
MERGED from [androidx.vectordrawable:vectordrawable-animated:1.1.0-beta01] AndroidManifest.xml:20:5-44
MERGED from [androidx.vectordrawable:vectordrawable-animated:1.1.0-beta01] AndroidManifest.xml:20:5-44
MERGED from [androidx.vectordrawable:vectordrawable:1.1.0-beta01] AndroidManifest.xml:20:5-44
MERGED from [androidx.vectordrawable:vectordrawable:1.1.0-beta01] AndroidManifest.xml:20:5-44
MERGED from [androidx.swiperefreshlayout:swiperefreshlayout:1.0.0] AndroidManifest.xml:20:5-44
MERGED from [androidx.swiperefreshlayout:swiperefreshlayout:1.0.0] AndroidManifest.xml:20:5-44
MERGED from [androidx.asynclayoutinflater:asynclayoutinflater:1.0.0] AndroidManifest.xml:20:5-44
MERGED from [androidx.asynclayoutinflater:asynclayoutinflater:1.0.0] AndroidManifest.xml:20:5-44
MERGED from [androidx.core:core:1.1.0-rc01] AndroidManifest.xml:20:5-22:41
MERGED from [androidx.core:core:1.1.0-rc01] AndroidManifest.xml:20:5-22:41
MERGED from [androidx.versionedparcelable:versionedparcelable:1.1.0-rc01] AndroidManifest.xml:20:5-22:41
MERGED from [androidx.versionedparcelable:versionedparcelable:1.1.0-rc01] AndroidManifest.xml:20:5-22:41
MERGED from [androidx.cursoradapter:cursoradapter:1.0.0] AndroidManifest.xml:20:5-44
MERGED from [androidx.cursoradapter:cursoradapter:1.0.0] AndroidManifest.xml:20:5-44
MERGED from [androidx.cardview:cardview:1.0.0] AndroidManifest.xml:20:5-44
MERGED from [androidx.cardview:cardview:1.0.0] AndroidManifest.xml:20:5-44
MERGED from [androidx.lifecycle:lifecycle-runtime:2.1.0-beta01] AndroidManifest.xml:20:5-44
MERGED from [androidx.lifecycle:lifecycle-runtime:2.1.0-beta01] AndroidManifest.xml:20:5-44
MERGED from [androidx.lifecycle:lifecycle-viewmodel:2.1.0-beta01] AndroidManifest.xml:20:5-44
MERGED from [androidx.lifecycle:lifecycle-viewmodel:2.1.0-beta01] AndroidManifest.xml:20:5-44
MERGED from [androidx.savedstate:savedstate:1.0.0-beta01] AndroidManifest.xml:20:5-44
MERGED from [androidx.savedstate:savedstate:1.0.0-beta01] AndroidManifest.xml:20:5-44
MERGED from [androidx.interpolator:interpolator:1.0.0] AndroidManifest.xml:20:5-44
MERGED from [androidx.interpolator:interpolator:1.0.0] AndroidManifest.xml:20:5-44
MERGED from [androidx.lifecycle:lifecycle-livedata:2.0.0] AndroidManifest.xml:20:5-44
MERGED from [androidx.lifecycle:lifecycle-livedata:2.0.0] AndroidManifest.xml:20:5-44
MERGED from [androidx.lifecycle:lifecycle-livedata-core:2.0.0] AndroidManifest.xml:20:5-44
MERGED from [androidx.lifecycle:lifecycle-livedata-core:2.0.0] AndroidManifest.xml:20:5-44
MERGED from [androidx.arch.core:core-runtime:2.0.0] AndroidManifest.xml:20:5-44
MERGED from [androidx.arch.core:core-runtime:2.0.0] AndroidManifest.xml:20:5-44
MERGED from [com.android.volley:volley:1.1.1] AndroidManifest.xml:7:5-43
MERGED from [com.android.volley:volley:1.1.1] AndroidManifest.xml:7:5-43
INJECTED from src\main\AndroidManifest.xml:15:5-43
INJECTED from src\main\AndroidManifest.xml:15:5-43
	android:maxSdkVersion
		ADDED from src\main\AndroidManifest.xml:15:15-41
	android:targetSdkVersion
		INJECTED from src\main\AndroidManifest.xml
		ADDED from src\main\AndroidManifest.xml:15:5-43
		INJECTED from src\main\AndroidManifest.xml
	android:minSdkVersion
		INJECTED from src\main\AndroidManifest.xml
		ADDED from src\main\AndroidManifest.xml:15:5-43
		INJECTED from src\main\AndroidManifest.xml
application
ADDED from src\main\AndroidManifest.xml:17:5-41:19
MERGED from [com.google.android.material:material:1.1.0-alpha07] AndroidManifest.xml:22:5-20
MERGED from [com.google.android.material:material:1.1.0-alpha07] AndroidManifest.xml:22:5-20
MERGED from [androidx.core:core:1.1.0-rc01] AndroidManifest.xml:24:5-89
MERGED from [androidx.core:core:1.1.0-rc01] AndroidManifest.xml:24:5-89
MERGED from [androidx.versionedparcelable:versionedparcelable:1.1.0-rc01] AndroidManifest.xml:24:5-25:19
MERGED from [androidx.versionedparcelable:versionedparcelable:1.1.0-rc01] AndroidManifest.xml:24:5-25:19
MERGED from [com.android.volley:volley:1.1.1] AndroidManifest.xml:9:5-20
MERGED from [com.android.volley:volley:1.1.1] AndroidManifest.xml:9:5-20
	android:appComponentFactory
		ADDED from [androidx.core:core:1.1.0-rc01] AndroidManifest.xml:24:18-86
	android:label
		ADDED from src\main\AndroidManifest.xml:17:82-114
	tools:ignore
		ADDED from src\main\AndroidManifest.xml:18:9-48
	android:icon
		ADDED from src\main\AndroidManifest.xml:17:45-81
	android:allowBackup
		ADDED from src\main\AndroidManifest.xml:17:18-44
	android:theme
		ADDED from src\main\AndroidManifest.xml:19:9-41
activity#com.simplistic.floating_equalizer.Options
ADDED from src\main\AndroidManifest.xml:21:9-32:20
	android:label
		ADDED from src\main\AndroidManifest.xml:21:19-51
	android:name
		ADDED from src\main\AndroidManifest.xml:21:52-108
intent-filter#action:name:android.intent.action.MAIN+category:name:android.intent.category.LAUNCHER
ADDED from src\main\AndroidManifest.xml:22:13-25:29
action#android.intent.action.MAIN
ADDED from src\main\AndroidManifest.xml:23:17-68
	android:name
		ADDED from src\main\AndroidManifest.xml:23:25-66
category#android.intent.category.LAUNCHER
ADDED from src\main\AndroidManifest.xml:24:17-76
	android:name
		ADDED from src\main\AndroidManifest.xml:24:27-74
meta-data#com.google.android.gms.version
ADDED from src\main\AndroidManifest.xml:26:13-125
	android:value
		ADDED from src\main\AndroidManifest.xml:26:70-123
	android:name
		ADDED from src\main\AndroidManifest.xml:26:24-69
intent-filter#action:name:android.media.action.DISPLAY_AUDIO_EFFECT_CONTROL_PANEL+category:name:android.intent.category.CATEGORY_CONTENT_MUSIC+category:name:android.intent.category.DEFAULT
ADDED from src\main\AndroidManifest.xml:27:13-31:29
action#android.media.action.DISPLAY_AUDIO_EFFECT_CONTROL_PANEL
ADDED from src\main\AndroidManifest.xml:28:17-97
	android:name
		ADDED from src\main\AndroidManifest.xml:28:25-95
category#android.intent.category.DEFAULT
ADDED from src\main\AndroidManifest.xml:29:17-75
	android:name
		ADDED from src\main\AndroidManifest.xml:29:27-73
category#android.intent.category.CATEGORY_CONTENT_MUSIC
ADDED from src\main\AndroidManifest.xml:30:17-90
	android:name
		ADDED from src\main\AndroidManifest.xml:30:27-88
activity#com.simplistic.floating_equalizer.Home
ADDED from src\main\AndroidManifest.xml:33:9-111
	android:screenOrientation
		ADDED from src\main\AndroidManifest.xml:33:73-109
	android:name
		ADDED from src\main\AndroidManifest.xml:33:19-72
activity#com.simplistic.floating_equalizer.MainActivity
ADDED from src\main\AndroidManifest.xml:34:9-154
	android:screenOrientation
		ADDED from src\main\AndroidManifest.xml:34:116-152
	android:theme
		ADDED from src\main\AndroidManifest.xml:34:81-115
	android:name
		ADDED from src\main\AndroidManifest.xml:34:19-80
activity#com.simplistic.floating_equalizer.EqualizerActivity
ADDED from src\main\AndroidManifest.xml:35:9-158
	android:screenOrientation
		ADDED from src\main\AndroidManifest.xml:35:120-156
	android:theme
		ADDED from src\main\AndroidManifest.xml:35:86-119
	android:name
		ADDED from src\main\AndroidManifest.xml:35:19-85
activity#com.simplistic.floating_equalizer.FloatingEQ
ADDED from src\main\AndroidManifest.xml:36:9-117
	android:screenOrientation
		ADDED from src\main\AndroidManifest.xml:36:79-115
	android:name
		ADDED from src\main\AndroidManifest.xml:36:19-78
service#com.simplistic.floating_equalizer.service.Floating
ADDED from src\main\AndroidManifest.xml:37:9-108
	android:enabled
		ADDED from src\main\AndroidManifest.xml:37:18-40
	android:name
		ADDED from src\main\AndroidManifest.xml:37:41-106
service#com.simplistic.floating_equalizer.service.EqualizerService
ADDED from src\main\AndroidManifest.xml:39:9-116
	android:enabled
		ADDED from src\main\AndroidManifest.xml:39:18-40
	android:name
		ADDED from src\main\AndroidManifest.xml:39:41-114